[Fri Sep 25 19:33:46.243920 2020] [ssl:warn] [pid 436:tid 600] AH01909: www.example.com:443:0 server certificate does NOT include an ID which matches the server name
[Fri Sep 25 19:33:46.408447 2020] [ssl:warn] [pid 436:tid 600] AH01909: www.example.com:443:0 server certificate does NOT include an ID which matches the server name
[Fri Sep 25 19:33:46.801248 2020] [mpm_winnt:notice] [pid 436:tid 600] AH00455: Apache/2.4.46 (Win64) OpenSSL/1.1.1g PHP/7.4.10 configured -- resuming normal operations
[Fri Sep 25 19:33:46.801248 2020] [mpm_winnt:notice] [pid 436:tid 600] AH00456: Apache Lounge VC15 Server built: Aug  4 2020 11:50:23
[Fri Sep 25 19:33:46.801248 2020] [core:notice] [pid 436:tid 600] AH00094: Command line: 'c:\\users\\hp\\documents\\github\\alfa-y-omega\\apache\\bin\\httpd.exe -d C:/Users/HP/Documents/GitHub/alfa-y-omega/apache'
[Fri Sep 25 19:33:46.855442 2020] [mpm_winnt:notice] [pid 436:tid 600] AH00418: Parent: Created child process 4128
[Fri Sep 25 19:33:47.863169 2020] [ssl:warn] [pid 4128:tid 600] AH01909: www.example.com:443:0 server certificate does NOT include an ID which matches the server name
[Fri Sep 25 19:33:47.976918 2020] [ssl:warn] [pid 4128:tid 600] AH01909: www.example.com:443:0 server certificate does NOT include an ID which matches the server name
[Fri Sep 25 19:33:48.032886 2020] [mpm_winnt:notice] [pid 4128:tid 600] AH00354: Child: Starting 150 worker threads.
[Fri Sep 25 19:54:08.680272 2020] [ssl:warn] [pid 11660:tid 580] AH01909: www.example.com:443:0 server certificate does NOT include an ID which matches the server name
[Fri Sep 25 19:54:08.828666 2020] [core:warn] [pid 11660:tid 580] AH00098: pid file C:/Users/HP/Documents/GitHub/alfa-y-omega/apache/logs/httpd.pid overwritten -- Unclean shutdown of previous Apache run?
[Fri Sep 25 19:54:08.840661 2020] [ssl:warn] [pid 11660:tid 580] AH01909: www.example.com:443:0 server certificate does NOT include an ID which matches the server name
[Fri Sep 25 19:54:08.892630 2020] [mpm_winnt:notice] [pid 11660:tid 580] AH00455: Apache/2.4.46 (Win64) OpenSSL/1.1.1g PHP/7.4.10 configured -- resuming normal operations
[Fri Sep 25 19:54:08.892630 2020] [mpm_winnt:notice] [pid 11660:tid 580] AH00456: Apache Lounge VC15 Server built: Aug  4 2020 11:50:23
[Fri Sep 25 19:54:08.892630 2020] [core:notice] [pid 11660:tid 580] AH00094: Command line: 'c:\\users\\hp\\documents\\github\\alfa-y-omega\\apache\\bin\\httpd.exe -d C:/Users/HP/Documents/GitHub/alfa-y-omega/apache'
[Fri Sep 25 19:54:08.902627 2020] [mpm_winnt:notice] [pid 11660:tid 580] AH00418: Parent: Created child process 4888
[Fri Sep 25 19:54:09.804496 2020] [ssl:warn] [pid 4888:tid 620] AH01909: www.example.com:443:0 server certificate does NOT include an ID which matches the server name
[Fri Sep 25 19:54:09.915148 2020] [ssl:warn] [pid 4888:tid 620] AH01909: www.example.com:443:0 server certificate does NOT include an ID which matches the server name
[Fri Sep 25 19:54:09.955131 2020] [mpm_winnt:notice] [pid 4888:tid 620] AH00354: Child: Starting 150 worker threads.
[Fri Sep 25 20:05:51.600620 2020] [mpm_winnt:crit] [pid 4888:tid 620] AH02538: Child: Parent process exited abruptly. Child process is ending
[Fri Sep 25 20:07:07.597157 2020] [ssl:warn] [pid 12204:tid 500] AH01909: www.example.com:443:0 server certificate does NOT include an ID which matches the server name
[Fri Sep 25 20:07:07.690930 2020] [core:warn] [pid 12204:tid 500] AH00098: pid file C:/Users/HP/Documents/GitHub/alfa-y-omega/apache/logs/httpd.pid overwritten -- Unclean shutdown of previous Apache run?
[Fri Sep 25 20:07:07.706506 2020] [ssl:warn] [pid 12204:tid 500] AH01909: www.example.com:443:0 server certificate does NOT include an ID which matches the server name
[Fri Sep 25 20:07:07.737747 2020] [mpm_winnt:notice] [pid 12204:tid 500] AH00455: Apache/2.4.46 (Win64) OpenSSL/1.1.1g PHP/7.4.10 configured -- resuming normal operations
[Fri Sep 25 20:07:07.737747 2020] [mpm_winnt:notice] [pid 12204:tid 500] AH00456: Apache Lounge VC15 Server built: Aug  4 2020 11:50:23
[Fri Sep 25 20:07:07.737747 2020] [core:notice] [pid 12204:tid 500] AH00094: Command line: 'c:\\users\\hp\\documents\\github\\alfa-y-omega\\apache\\bin\\httpd.exe -d C:/Users/HP/Documents/GitHub/alfa-y-omega/apache'
[Fri Sep 25 20:07:07.737747 2020] [mpm_winnt:notice] [pid 12204:tid 500] AH00418: Parent: Created child process 13016
[Fri Sep 25 20:07:08.299628 2020] [ssl:warn] [pid 13016:tid 584] AH01909: www.example.com:443:0 server certificate does NOT include an ID which matches the server name
[Fri Sep 25 20:07:08.399073 2020] [ssl:warn] [pid 13016:tid 584] AH01909: www.example.com:443:0 server certificate does NOT include an ID which matches the server name
[Fri Sep 25 20:07:08.429161 2020] [mpm_winnt:notice] [pid 13016:tid 584] AH00354: Child: Starting 150 worker threads.
[Fri Sep 25 20:09:43.878800 2020] [mpm_winnt:crit] [pid 13016:tid 584] AH02538: Child: Parent process exited abruptly. Child process is ending
[Fri Sep 25 20:14:11.687754 2020] [ssl:warn] [pid 12548:tid 572] AH01909: www.example.com:443:0 server certificate does NOT include an ID which matches the server name
[Fri Sep 25 20:14:11.797426 2020] [core:warn] [pid 12548:tid 572] AH00098: pid file C:/Users/HP/Documents/GitHub/alfa-y-omega/apache/logs/httpd.pid overwritten -- Unclean shutdown of previous Apache run?
[Fri Sep 25 20:14:11.813050 2020] [ssl:warn] [pid 12548:tid 572] AH01909: www.example.com:443:0 server certificate does NOT include an ID which matches the server name
[Fri Sep 25 20:14:11.906794 2020] [mpm_winnt:notice] [pid 12548:tid 572] AH00455: Apache/2.4.46 (Win64) OpenSSL/1.1.1g PHP/7.4.10 configured -- resuming normal operations
[Fri Sep 25 20:14:11.906794 2020] [mpm_winnt:notice] [pid 12548:tid 572] AH00456: Apache Lounge VC15 Server built: Aug  4 2020 11:50:23
[Fri Sep 25 20:14:11.906794 2020] [core:notice] [pid 12548:tid 572] AH00094: Command line: 'c:\\users\\hp\\documents\\github\\alfa-y-omega\\apache\\bin\\httpd.exe -d C:/Users/HP/Documents/GitHub/alfa-y-omega/apache'
[Fri Sep 25 20:14:11.938042 2020] [mpm_winnt:notice] [pid 12548:tid 572] AH00418: Parent: Created child process 4184
[Fri Sep 25 20:14:13.344210 2020] [ssl:warn] [pid 4184:tid 620] AH01909: www.example.com:443:0 server certificate does NOT include an ID which matches the server name
[Fri Sep 25 20:14:13.469194 2020] [ssl:warn] [pid 4184:tid 620] AH01909: www.example.com:443:0 server certificate does NOT include an ID which matches the server name
[Fri Sep 25 20:14:13.500456 2020] [mpm_winnt:notice] [pid 4184:tid 620] AH00354: Child: Starting 150 worker threads.
[Sat Sep 26 16:04:40.718341 2020] [ssl:warn] [pid 17948:tid 568] AH01909: www.example.com:443:0 server certificate does NOT include an ID which matches the server name
[Sat Sep 26 16:04:41.006316 2020] [core:warn] [pid 17948:tid 568] AH00098: pid file C:/Users/HP/Documents/GitHub/alfa-y-omega/apache/logs/httpd.pid overwritten -- Unclean shutdown of previous Apache run?
[Sat Sep 26 16:04:41.102316 2020] [ssl:warn] [pid 17948:tid 568] AH01909: www.example.com:443:0 server certificate does NOT include an ID which matches the server name
[Sat Sep 26 16:04:47.281717 2020] [mpm_winnt:notice] [pid 17948:tid 568] AH00455: Apache/2.4.46 (Win64) OpenSSL/1.1.1g PHP/7.4.10 configured -- resuming normal operations
[Sat Sep 26 16:04:47.281717 2020] [mpm_winnt:notice] [pid 17948:tid 568] AH00456: Apache Lounge VC15 Server built: Aug  4 2020 11:50:23
[Sat Sep 26 16:04:47.281717 2020] [core:notice] [pid 17948:tid 568] AH00094: Command line: 'c:\\users\\hp\\documents\\github\\alfa-y-omega\\apache\\bin\\httpd.exe -d C:/Users/HP/Documents/GitHub/alfa-y-omega/apache'
[Sat Sep 26 16:04:47.281717 2020] [mpm_winnt:notice] [pid 17948:tid 568] AH00418: Parent: Created child process 956
[Sat Sep 26 16:04:48.849584 2020] [ssl:warn] [pid 956:tid 548] AH01909: www.example.com:443:0 server certificate does NOT include an ID which matches the server name
[Sat Sep 26 16:04:49.194348 2020] [ssl:warn] [pid 956:tid 548] AH01909: www.example.com:443:0 server certificate does NOT include an ID which matches the server name
[Sat Sep 26 16:04:49.234344 2020] [mpm_winnt:notice] [pid 956:tid 548] AH00354: Child: Starting 150 worker threads.
[Sun Sep 27 09:40:16.888581 2020] [ssl:warn] [pid 9060:tid 596] AH01909: www.example.com:443:0 server certificate does NOT include an ID which matches the server name
[Sun Sep 27 09:40:17.171231 2020] [core:warn] [pid 9060:tid 596] AH00098: pid file C:/Users/HP/Documents/GitHub/alfa-y-omega/apache/logs/httpd.pid overwritten -- Unclean shutdown of previous Apache run?
[Sun Sep 27 09:40:17.188221 2020] [ssl:warn] [pid 9060:tid 596] AH01909: www.example.com:443:0 server certificate does NOT include an ID which matches the server name
[Sun Sep 27 09:40:18.997588 2020] [mpm_winnt:notice] [pid 9060:tid 596] AH00455: Apache/2.4.46 (Win64) OpenSSL/1.1.1g PHP/7.4.10 configured -- resuming normal operations
[Sun Sep 27 09:40:18.997588 2020] [mpm_winnt:notice] [pid 9060:tid 596] AH00456: Apache Lounge VC15 Server built: Aug  4 2020 11:50:23
[Sun Sep 27 09:40:18.997588 2020] [core:notice] [pid 9060:tid 596] AH00094: Command line: 'c:\\users\\hp\\documents\\github\\alfa-y-omega\\apache\\bin\\httpd.exe -d C:/Users/HP/Documents/GitHub/alfa-y-omega/apache'
[Sun Sep 27 09:40:19.001562 2020] [mpm_winnt:notice] [pid 9060:tid 596] AH00418: Parent: Created child process 11452
[Sun Sep 27 09:40:19.681155 2020] [ssl:warn] [pid 11452:tid 584] AH01909: www.example.com:443:0 server certificate does NOT include an ID which matches the server name
[Sun Sep 27 09:40:19.940007 2020] [ssl:warn] [pid 11452:tid 584] AH01909: www.example.com:443:0 server certificate does NOT include an ID which matches the server name
[Sun Sep 27 09:40:20.048945 2020] [mpm_winnt:notice] [pid 11452:tid 584] AH00354: Child: Starting 150 worker threads.
[Sun Sep 27 11:05:15.665315 2020] [ssl:warn] [pid 5076:tid 552] AH01909: www.example.com:443:0 server certificate does NOT include an ID which matches the server name
[Sun Sep 27 11:05:15.965658 2020] [core:warn] [pid 5076:tid 552] AH00098: pid file C:/Users/HP/Documents/GitHub/alfa-y-omega/apache/logs/httpd.pid overwritten -- Unclean shutdown of previous Apache run?
[Sun Sep 27 11:05:15.986646 2020] [ssl:warn] [pid 5076:tid 552] AH01909: www.example.com:443:0 server certificate does NOT include an ID which matches the server name
[Sun Sep 27 11:05:16.192530 2020] [mpm_winnt:notice] [pid 5076:tid 552] AH00455: Apache/2.4.46 (Win64) OpenSSL/1.1.1g PHP/7.4.10 configured -- resuming normal operations
[Sun Sep 27 11:05:16.192530 2020] [mpm_winnt:notice] [pid 5076:tid 552] AH00456: Apache Lounge VC15 Server built: Aug  4 2020 11:50:23
[Sun Sep 27 11:05:16.192530 2020] [core:notice] [pid 5076:tid 552] AH00094: Command line: 'c:\\users\\hp\\documents\\github\\alfa-y-omega\\apache\\bin\\httpd.exe -d C:/Users/HP/Documents/GitHub/alfa-y-omega/apache'
[Sun Sep 27 11:05:16.253493 2020] [mpm_winnt:notice] [pid 5076:tid 552] AH00418: Parent: Created child process 16880
[Sun Sep 27 11:05:18.420254 2020] [ssl:warn] [pid 16880:tid 600] AH01909: www.example.com:443:0 server certificate does NOT include an ID which matches the server name
[Sun Sep 27 11:05:18.767055 2020] [ssl:warn] [pid 16880:tid 600] AH01909: www.example.com:443:0 server certificate does NOT include an ID which matches the server name
[Sun Sep 27 11:05:18.858003 2020] [mpm_winnt:notice] [pid 16880:tid 600] AH00354: Child: Starting 150 worker threads.
[Mon Sep 28 14:57:37.571247 2020] [ssl:warn] [pid 9896:tid 472] AH01909: www.example.com:443:0 server certificate does NOT include an ID which matches the server name
[Mon Sep 28 14:57:38.706561 2020] [core:warn] [pid 9896:tid 472] AH00098: pid file C:/Users/HP/Documents/GitHub/alfa-y-omega/apache/logs/httpd.pid overwritten -- Unclean shutdown of previous Apache run?
[Mon Sep 28 14:57:38.722117 2020] [ssl:warn] [pid 9896:tid 472] AH01909: www.example.com:443:0 server certificate does NOT include an ID which matches the server name
[Mon Sep 28 14:57:46.528838 2020] [mpm_winnt:notice] [pid 9896:tid 472] AH00455: Apache/2.4.46 (Win64) OpenSSL/1.1.1g PHP/7.4.10 configured -- resuming normal operations
[Mon Sep 28 14:57:46.528838 2020] [mpm_winnt:notice] [pid 9896:tid 472] AH00456: Apache Lounge VC15 Server built: Aug  4 2020 11:50:23
[Mon Sep 28 14:57:46.528838 2020] [core:notice] [pid 9896:tid 472] AH00094: Command line: 'c:\\users\\hp\\documents\\github\\alfa-y-omega\\apache\\bin\\httpd.exe -d C:/Users/HP/Documents/GitHub/alfa-y-omega/apache'
[Mon Sep 28 14:57:46.532835 2020] [mpm_winnt:notice] [pid 9896:tid 472] AH00418: Parent: Created child process 9728
[Mon Sep 28 14:57:47.562193 2020] [ssl:warn] [pid 9728:tid 464] AH01909: www.example.com:443:0 server certificate does NOT include an ID which matches the server name
[Mon Sep 28 14:57:47.783961 2020] [ssl:warn] [pid 9728:tid 464] AH01909: www.example.com:443:0 server certificate does NOT include an ID which matches the server name
[Mon Sep 28 14:57:47.826938 2020] [mpm_winnt:notice] [pid 9728:tid 464] AH00354: Child: Starting 150 worker threads.
[Mon Sep 28 15:08:46.811416 2020] [ssl:warn] [pid 15600:tid 544] AH01909: www.example.com:443:0 server certificate does NOT include an ID which matches the server name
[Mon Sep 28 15:08:47.061414 2020] [core:warn] [pid 15600:tid 544] AH00098: pid file C:/Users/HP/Documents/GitHub/alfa-y-omega/apache/logs/httpd.pid overwritten -- Unclean shutdown of previous Apache run?
[Mon Sep 28 15:08:47.061414 2020] [ssl:warn] [pid 15600:tid 544] AH01909: www.example.com:443:0 server certificate does NOT include an ID which matches the server name
[Mon Sep 28 15:08:47.389501 2020] [mpm_winnt:notice] [pid 15600:tid 544] AH00455: Apache/2.4.46 (Win64) OpenSSL/1.1.1g PHP/7.4.10 configured -- resuming normal operations
[Mon Sep 28 15:08:47.389501 2020] [mpm_winnt:notice] [pid 15600:tid 544] AH00456: Apache Lounge VC15 Server built: Aug  4 2020 11:50:23
[Mon Sep 28 15:08:47.389501 2020] [core:notice] [pid 15600:tid 544] AH00094: Command line: 'c:\\users\\hp\\documents\\github\\alfa-y-omega\\apache\\bin\\httpd.exe -d C:/Users/HP/Documents/GitHub/alfa-y-omega/apache'
[Mon Sep 28 15:08:47.389501 2020] [mpm_winnt:notice] [pid 15600:tid 544] AH00418: Parent: Created child process 20336
[Mon Sep 28 15:08:48.123841 2020] [ssl:warn] [pid 20336:tid 568] AH01909: www.example.com:443:0 server certificate does NOT include an ID which matches the server name
[Mon Sep 28 15:08:48.264495 2020] [ssl:warn] [pid 20336:tid 568] AH01909: www.example.com:443:0 server certificate does NOT include an ID which matches the server name
[Mon Sep 28 15:08:48.295713 2020] [mpm_winnt:notice] [pid 20336:tid 568] AH00354: Child: Starting 150 worker threads.
[Mon Sep 28 15:09:42.830810 2020] [ssl:warn] [pid 1296:tid 476] AH01909: www.example.com:443:0 server certificate does NOT include an ID which matches the server name
[Mon Sep 28 15:09:42.987050 2020] [core:warn] [pid 1296:tid 476] AH00098: pid file C:/Users/HP/Documents/GitHub/alfa-y-omega/apache/logs/httpd.pid overwritten -- Unclean shutdown of previous Apache run?
[Mon Sep 28 15:09:43.002673 2020] [ssl:warn] [pid 1296:tid 476] AH01909: www.example.com:443:0 server certificate does NOT include an ID which matches the server name
[Mon Sep 28 15:09:43.049545 2020] [mpm_winnt:notice] [pid 1296:tid 476] AH00455: Apache/2.4.46 (Win64) OpenSSL/1.1.1g PHP/7.4.10 configured -- resuming normal operations
[Mon Sep 28 15:09:43.049545 2020] [mpm_winnt:notice] [pid 1296:tid 476] AH00456: Apache Lounge VC15 Server built: Aug  4 2020 11:50:23
[Mon Sep 28 15:09:43.049545 2020] [core:notice] [pid 1296:tid 476] AH00094: Command line: 'c:\\users\\hp\\documents\\github\\alfa-y-omega\\apache\\bin\\httpd.exe -d C:/Users/HP/Documents/GitHub/alfa-y-omega/apache'
[Mon Sep 28 15:09:43.049545 2020] [mpm_winnt:notice] [pid 1296:tid 476] AH00418: Parent: Created child process 11252
[Mon Sep 28 15:09:44.049625 2020] [ssl:warn] [pid 11252:tid 556] AH01909: www.example.com:443:0 server certificate does NOT include an ID which matches the server name
[Mon Sep 28 15:09:44.205863 2020] [ssl:warn] [pid 11252:tid 556] AH01909: www.example.com:443:0 server certificate does NOT include an ID which matches the server name
[Mon Sep 28 15:09:44.237110 2020] [mpm_winnt:notice] [pid 11252:tid 556] AH00354: Child: Starting 150 worker threads.
[Mon Sep 28 15:13:24.768006 2020] [ssl:warn] [pid 17776:tid 580] AH01909: www.example.com:443:0 server certificate does NOT include an ID which matches the server name
[Mon Sep 28 15:13:24.926915 2020] [core:warn] [pid 17776:tid 580] AH00098: pid file C:/Users/HP/Documents/GitHub/alfa-y-omega/apache/logs/httpd.pid overwritten -- Unclean shutdown of previous Apache run?
[Mon Sep 28 15:13:24.954899 2020] [ssl:warn] [pid 17776:tid 580] AH01909: www.example.com:443:0 server certificate does NOT include an ID which matches the server name
[Mon Sep 28 15:13:25.028857 2020] [mpm_winnt:notice] [pid 17776:tid 580] AH00455: Apache/2.4.46 (Win64) OpenSSL/1.1.1g PHP/7.4.10 configured -- resuming normal operations
[Mon Sep 28 15:13:25.028857 2020] [mpm_winnt:notice] [pid 17776:tid 580] AH00456: Apache Lounge VC15 Server built: Aug  4 2020 11:50:23
[Mon Sep 28 15:13:25.028857 2020] [core:notice] [pid 17776:tid 580] AH00094: Command line: 'c:\\users\\hp\\documents\\github\\alfa-y-omega\\apache\\bin\\httpd.exe -d C:/Users/HP/Documents/GitHub/alfa-y-omega/apache'
[Mon Sep 28 15:13:25.033857 2020] [mpm_winnt:notice] [pid 17776:tid 580] AH00418: Parent: Created child process 18480
[Mon Sep 28 15:13:26.001814 2020] [ssl:warn] [pid 18480:tid 624] AH01909: www.example.com:443:0 server certificate does NOT include an ID which matches the server name
[Mon Sep 28 15:13:26.209633 2020] [ssl:warn] [pid 18480:tid 624] AH01909: www.example.com:443:0 server certificate does NOT include an ID which matches the server name
[Mon Sep 28 15:13:26.258608 2020] [mpm_winnt:notice] [pid 18480:tid 624] AH00354: Child: Starting 150 worker threads.
[Mon Sep 28 16:03:20.776545 2020] [ssl:warn] [pid 13672:tid 564] AH01909: www.example.com:443:0 server certificate does NOT include an ID which matches the server name
[Mon Sep 28 16:03:20.922647 2020] [core:warn] [pid 13672:tid 564] AH00098: pid file C:/Users/HP/Documents/GitHub/alfa-y-omega/apache/logs/httpd.pid overwritten -- Unclean shutdown of previous Apache run?
[Mon Sep 28 16:03:20.935642 2020] [ssl:warn] [pid 13672:tid 564] AH01909: www.example.com:443:0 server certificate does NOT include an ID which matches the server name
[Mon Sep 28 16:03:20.975642 2020] [mpm_winnt:notice] [pid 13672:tid 564] AH00455: Apache/2.4.46 (Win64) OpenSSL/1.1.1g PHP/7.4.10 configured -- resuming normal operations
[Mon Sep 28 16:03:20.975642 2020] [mpm_winnt:notice] [pid 13672:tid 564] AH00456: Apache Lounge VC15 Server built: Aug  4 2020 11:50:23
[Mon Sep 28 16:03:20.975642 2020] [core:notice] [pid 13672:tid 564] AH00094: Command line: 'c:\\users\\hp\\documents\\github\\alfa-y-omega\\apache\\bin\\httpd.exe -d C:/Users/HP/Documents/GitHub/alfa-y-omega/apache'
[Mon Sep 28 16:03:20.978620 2020] [mpm_winnt:notice] [pid 13672:tid 564] AH00418: Parent: Created child process 3892
[Mon Sep 28 16:03:21.688489 2020] [ssl:warn] [pid 3892:tid 564] AH01909: www.example.com:443:0 server certificate does NOT include an ID which matches the server name
[Mon Sep 28 16:03:21.836973 2020] [ssl:warn] [pid 3892:tid 564] AH01909: www.example.com:443:0 server certificate does NOT include an ID which matches the server name
[Mon Sep 28 16:03:21.878948 2020] [mpm_winnt:notice] [pid 3892:tid 564] AH00354: Child: Starting 150 worker threads.
[Mon Sep 28 16:08:47.764136 2020] [ssl:warn] [pid 11208:tid 512] AH01909: www.example.com:443:0 server certificate does NOT include an ID which matches the server name
[Mon Sep 28 16:08:47.924196 2020] [core:warn] [pid 11208:tid 512] AH00098: pid file C:/Users/HP/Documents/GitHub/alfa-y-omega/apache/logs/httpd.pid overwritten -- Unclean shutdown of previous Apache run?
[Mon Sep 28 16:08:47.934192 2020] [ssl:warn] [pid 11208:tid 512] AH01909: www.example.com:443:0 server certificate does NOT include an ID which matches the server name
[Mon Sep 28 16:08:47.980188 2020] [mpm_winnt:notice] [pid 11208:tid 512] AH00455: Apache/2.4.46 (Win64) OpenSSL/1.1.1g PHP/7.4.10 configured -- resuming normal operations
[Mon Sep 28 16:08:47.980188 2020] [mpm_winnt:notice] [pid 11208:tid 512] AH00456: Apache Lounge VC15 Server built: Aug  4 2020 11:50:23
[Mon Sep 28 16:08:47.981188 2020] [core:notice] [pid 11208:tid 512] AH00094: Command line: 'c:\\users\\hp\\documents\\github\\alfa-y-omega\\apache\\bin\\httpd.exe -d C:/Users/HP/Documents/GitHub/alfa-y-omega/apache'
[Mon Sep 28 16:08:47.984160 2020] [mpm_winnt:notice] [pid 11208:tid 512] AH00418: Parent: Created child process 3568
[Mon Sep 28 16:08:48.589188 2020] [ssl:warn] [pid 3568:tid 156] AH01909: www.example.com:443:0 server certificate does NOT include an ID which matches the server name
[Mon Sep 28 16:08:48.699468 2020] [ssl:warn] [pid 3568:tid 156] AH01909: www.example.com:443:0 server certificate does NOT include an ID which matches the server name
[Mon Sep 28 16:08:48.737446 2020] [mpm_winnt:notice] [pid 3568:tid 156] AH00354: Child: Starting 150 worker threads.
[Mon Sep 28 16:09:35.657712 2020] [ssl:warn] [pid 5228:tid 560] AH01909: www.example.com:443:0 server certificate does NOT include an ID which matches the server name
[Mon Sep 28 16:09:35.841562 2020] [core:warn] [pid 5228:tid 560] AH00098: pid file C:/Users/HP/Documents/GitHub/alfa-y-omega/apache/logs/httpd.pid overwritten -- Unclean shutdown of previous Apache run?
[Mon Sep 28 16:09:35.851242 2020] [ssl:warn] [pid 5228:tid 560] AH01909: www.example.com:443:0 server certificate does NOT include an ID which matches the server name
[Mon Sep 28 16:09:35.891199 2020] [mpm_winnt:notice] [pid 5228:tid 560] AH00455: Apache/2.4.46 (Win64) OpenSSL/1.1.1g PHP/7.4.10 configured -- resuming normal operations
[Mon Sep 28 16:09:35.891199 2020] [mpm_winnt:notice] [pid 5228:tid 560] AH00456: Apache Lounge VC15 Server built: Aug  4 2020 11:50:23
[Mon Sep 28 16:09:35.892198 2020] [core:notice] [pid 5228:tid 560] AH00094: Command line: 'c:\\users\\hp\\documents\\github\\alfa-y-omega\\apache\\bin\\httpd.exe -d C:/Users/HP/Documents/GitHub/alfa-y-omega/apache'
[Mon Sep 28 16:09:35.895193 2020] [mpm_winnt:notice] [pid 5228:tid 560] AH00418: Parent: Created child process 20444
[Mon Sep 28 16:09:36.623123 2020] [ssl:warn] [pid 20444:tid 588] AH01909: www.example.com:443:0 server certificate does NOT include an ID which matches the server name
[Mon Sep 28 16:09:36.723577 2020] [ssl:warn] [pid 20444:tid 588] AH01909: www.example.com:443:0 server certificate does NOT include an ID which matches the server name
[Mon Sep 28 16:09:36.764553 2020] [mpm_winnt:notice] [pid 20444:tid 588] AH00354: Child: Starting 150 worker threads.
[Mon Sep 28 16:11:47.800603 2020] [ssl:warn] [pid 9400:tid 616] AH01909: www.example.com:443:0 server certificate does NOT include an ID which matches the server name
[Mon Sep 28 16:11:48.006483 2020] [core:warn] [pid 9400:tid 616] AH00098: pid file C:/Users/HP/Documents/GitHub/alfa-y-omega/apache/logs/httpd.pid overwritten -- Unclean shutdown of previous Apache run?
[Mon Sep 28 16:11:48.028470 2020] [ssl:warn] [pid 9400:tid 616] AH01909: www.example.com:443:0 server certificate does NOT include an ID which matches the server name
[Mon Sep 28 16:11:48.084438 2020] [mpm_winnt:notice] [pid 9400:tid 616] AH00455: Apache/2.4.46 (Win64) OpenSSL/1.1.1g PHP/7.4.10 configured -- resuming normal operations
[Mon Sep 28 16:11:48.084438 2020] [mpm_winnt:notice] [pid 9400:tid 616] AH00456: Apache Lounge VC15 Server built: Aug  4 2020 11:50:23
[Mon Sep 28 16:11:48.084438 2020] [core:notice] [pid 9400:tid 616] AH00094: Command line: 'c:\\users\\hp\\documents\\github\\alfa-y-omega\\apache\\bin\\httpd.exe -d C:/Users/HP/Documents/GitHub/alfa-y-omega/apache'
[Mon Sep 28 16:11:48.090436 2020] [mpm_winnt:notice] [pid 9400:tid 616] AH00418: Parent: Created child process 20228
[Mon Sep 28 16:11:48.917962 2020] [ssl:warn] [pid 20228:tid 568] AH01909: www.example.com:443:0 server certificate does NOT include an ID which matches the server name
[Mon Sep 28 16:11:49.041891 2020] [ssl:warn] [pid 20228:tid 568] AH01909: www.example.com:443:0 server certificate does NOT include an ID which matches the server name
[Mon Sep 28 16:11:49.091864 2020] [mpm_winnt:notice] [pid 20228:tid 568] AH00354: Child: Starting 150 worker threads.
