[Mon Sep 07 14:10:37.073746 2020] [ssl:warn] [pid 9468:tid 532] AH01909: www.example.com:443:0 server certificate does NOT include an ID which matches the server name
[Mon Sep 07 14:10:37.204672 2020] [ssl:warn] [pid 9468:tid 532] AH01909: www.example.com:443:0 server certificate does NOT include an ID which matches the server name
[Mon Sep 07 14:10:37.348790 2020] [mpm_winnt:notice] [pid 9468:tid 532] AH00455: Apache/2.4.46 (Win64) OpenSSL/1.1.1g PHP/7.2.33 configured -- resuming normal operations
[Mon Sep 07 14:10:37.348790 2020] [mpm_winnt:notice] [pid 9468:tid 532] AH00456: Apache Lounge VC15 Server built: Aug  4 2020 11:50:23
[Mon Sep 07 14:10:37.348790 2020] [core:notice] [pid 9468:tid 532] AH00094: Command line: 'C:\\xampp\\apache\\bin\\httpd.exe -d C:/xampp/apache'
[Mon Sep 07 14:10:37.370372 2020] [mpm_winnt:notice] [pid 9468:tid 532] AH00418: Parent: Created child process 13740
[Mon Sep 07 14:10:38.335816 2020] [ssl:warn] [pid 13740:tid 596] AH01909: www.example.com:443:0 server certificate does NOT include an ID which matches the server name
[Mon Sep 07 14:10:38.454748 2020] [ssl:warn] [pid 13740:tid 596] AH01909: www.example.com:443:0 server certificate does NOT include an ID which matches the server name
[Mon Sep 07 14:10:38.496723 2020] [mpm_winnt:notice] [pid 13740:tid 596] AH00354: Child: Starting 150 worker threads.
[Mon Sep 07 14:12:49.617492 2020] [ssl:warn] [pid 5168:tid 572] AH01909: www.example.com:443:0 server certificate does NOT include an ID which matches the server name
[Mon Sep 07 14:12:49.748489 2020] [ssl:warn] [pid 5168:tid 572] AH01909: www.example.com:443:0 server certificate does NOT include an ID which matches the server name
[Mon Sep 07 14:12:49.818450 2020] [mpm_winnt:notice] [pid 5168:tid 572] AH00455: Apache/2.4.46 (Win64) OpenSSL/1.1.1g PHP/7.2.33 configured -- resuming normal operations
[Mon Sep 07 14:12:49.818450 2020] [mpm_winnt:notice] [pid 5168:tid 572] AH00456: Apache Lounge VC15 Server built: Aug  4 2020 11:50:23
[Mon Sep 07 14:12:49.819448 2020] [core:notice] [pid 5168:tid 572] AH00094: Command line: 'c:\\xampp\\apache\\bin\\httpd.exe -d C:/xampp/apache'
[Mon Sep 07 14:12:49.828445 2020] [mpm_winnt:notice] [pid 5168:tid 572] AH00418: Parent: Created child process 14840
[Mon Sep 07 14:12:50.542705 2020] [ssl:warn] [pid 14840:tid 540] AH01909: www.example.com:443:0 server certificate does NOT include an ID which matches the server name
[Mon Sep 07 14:12:50.726567 2020] [ssl:warn] [pid 14840:tid 540] AH01909: www.example.com:443:0 server certificate does NOT include an ID which matches the server name
[Mon Sep 07 14:12:50.762555 2020] [mpm_winnt:notice] [pid 14840:tid 540] AH00354: Child: Starting 150 worker threads.
[Mon Sep 07 17:53:19.463777 2020] [ssl:warn] [pid 9404:tid 544] AH01909: www.example.com:443:0 server certificate does NOT include an ID which matches the server name
[Mon Sep 07 17:53:19.651279 2020] [core:warn] [pid 9404:tid 544] AH00098: pid file C:/xampp/apache/logs/httpd.pid overwritten -- Unclean shutdown of previous Apache run?
[Mon Sep 07 17:53:19.666888 2020] [ssl:warn] [pid 9404:tid 544] AH01909: www.example.com:443:0 server certificate does NOT include an ID which matches the server name
[Mon Sep 07 17:53:21.213679 2020] [mpm_winnt:notice] [pid 9404:tid 544] AH00455: Apache/2.4.46 (Win64) OpenSSL/1.1.1g PHP/7.2.33 configured -- resuming normal operations
[Mon Sep 07 17:53:21.213679 2020] [mpm_winnt:notice] [pid 9404:tid 544] AH00456: Apache Lounge VC15 Server built: Aug  4 2020 11:50:23
[Mon Sep 07 17:53:21.213679 2020] [core:notice] [pid 9404:tid 544] AH00094: Command line: 'c:\\xampp\\apache\\bin\\httpd.exe -d C:/xampp/apache'
[Mon Sep 07 17:53:21.213679 2020] [mpm_winnt:notice] [pid 9404:tid 544] AH00418: Parent: Created child process 3256
[Mon Sep 07 17:53:21.916801 2020] [ssl:warn] [pid 3256:tid 544] AH01909: www.example.com:443:0 server certificate does NOT include an ID which matches the server name
[Mon Sep 07 17:53:22.119865 2020] [ssl:warn] [pid 3256:tid 544] AH01909: www.example.com:443:0 server certificate does NOT include an ID which matches the server name
[Mon Sep 07 17:53:22.166716 2020] [mpm_winnt:notice] [pid 3256:tid 544] AH00354: Child: Starting 150 worker threads.
[Mon Sep 07 19:20:20.985791 2020] [php7:error] [pid 3256:tid 1824] [client ::1:58225] PHP Fatal error:  Maximum execution time of 120 seconds exceeded in C:\\xampp\\phpMyAdmin\\libraries\\classes\\Session.php on line 188
[Tue Sep 08 14:28:18.119232 2020] [ssl:warn] [pid 2500:tid 544] AH01909: www.example.com:443:0 server certificate does NOT include an ID which matches the server name
[Tue Sep 08 14:28:18.287621 2020] [core:warn] [pid 2500:tid 544] AH00098: pid file C:/xampp/apache/logs/httpd.pid overwritten -- Unclean shutdown of previous Apache run?
[Tue Sep 08 14:28:18.294619 2020] [ssl:warn] [pid 2500:tid 544] AH01909: www.example.com:443:0 server certificate does NOT include an ID which matches the server name
[Tue Sep 08 14:28:20.131276 2020] [mpm_winnt:notice] [pid 2500:tid 544] AH00455: Apache/2.4.46 (Win64) OpenSSL/1.1.1g PHP/7.2.33 configured -- resuming normal operations
[Tue Sep 08 14:28:20.131276 2020] [mpm_winnt:notice] [pid 2500:tid 544] AH00456: Apache Lounge VC15 Server built: Aug  4 2020 11:50:23
[Tue Sep 08 14:28:20.131276 2020] [core:notice] [pid 2500:tid 544] AH00094: Command line: 'c:\\xampp\\apache\\bin\\httpd.exe -d C:/xampp/apache'
[Tue Sep 08 14:28:20.134250 2020] [mpm_winnt:notice] [pid 2500:tid 544] AH00418: Parent: Created child process 5144
[Tue Sep 08 14:28:20.882722 2020] [ssl:warn] [pid 5144:tid 544] AH01909: www.example.com:443:0 server certificate does NOT include an ID which matches the server name
[Tue Sep 08 14:28:21.208888 2020] [ssl:warn] [pid 5144:tid 544] AH01909: www.example.com:443:0 server certificate does NOT include an ID which matches the server name
[Tue Sep 08 14:28:21.390259 2020] [mpm_winnt:notice] [pid 5144:tid 544] AH00354: Child: Starting 150 worker threads.
[Wed Sep 09 15:14:08.072396 2020] [ssl:warn] [pid 9732:tid 636] AH01909: www.example.com:443:0 server certificate does NOT include an ID which matches the server name
[Wed Sep 09 15:14:08.464752 2020] [core:warn] [pid 9732:tid 636] AH00098: pid file C:/xampp/apache/logs/httpd.pid overwritten -- Unclean shutdown of previous Apache run?
[Wed Sep 09 15:14:08.464752 2020] [ssl:warn] [pid 9732:tid 636] AH01909: www.example.com:443:0 server certificate does NOT include an ID which matches the server name
[Wed Sep 09 15:14:14.142342 2020] [mpm_winnt:notice] [pid 9732:tid 636] AH00455: Apache/2.4.46 (Win64) OpenSSL/1.1.1g PHP/7.2.33 configured -- resuming normal operations
[Wed Sep 09 15:14:14.142342 2020] [mpm_winnt:notice] [pid 9732:tid 636] AH00456: Apache Lounge VC15 Server built: Aug  4 2020 11:50:23
[Wed Sep 09 15:14:14.142342 2020] [core:notice] [pid 9732:tid 636] AH00094: Command line: 'c:\\xampp\\apache\\bin\\httpd.exe -d C:/xampp/apache'
[Wed Sep 09 15:14:14.147341 2020] [mpm_winnt:notice] [pid 9732:tid 636] AH00418: Parent: Created child process 16496
[Wed Sep 09 15:14:14.948678 2020] [ssl:warn] [pid 16496:tid 552] AH01909: www.example.com:443:0 server certificate does NOT include an ID which matches the server name
[Wed Sep 09 15:14:15.131662 2020] [ssl:warn] [pid 16496:tid 552] AH01909: www.example.com:443:0 server certificate does NOT include an ID which matches the server name
[Wed Sep 09 15:14:15.175638 2020] [mpm_winnt:notice] [pid 16496:tid 552] AH00354: Child: Starting 150 worker threads.
[Wed Sep 09 20:39:05.096708 2020] [ssl:warn] [pid 3476:tid 540] AH01909: www.example.com:443:0 server certificate does NOT include an ID which matches the server name
[Wed Sep 09 20:39:05.253002 2020] [core:warn] [pid 3476:tid 540] AH00098: pid file C:/xampp/apache/logs/httpd.pid overwritten -- Unclean shutdown of previous Apache run?
[Wed Sep 09 20:39:05.268573 2020] [ssl:warn] [pid 3476:tid 540] AH01909: www.example.com:443:0 server certificate does NOT include an ID which matches the server name
[Wed Sep 09 20:39:06.252879 2020] [mpm_winnt:notice] [pid 3476:tid 540] AH00455: Apache/2.4.46 (Win64) OpenSSL/1.1.1g PHP/7.2.33 configured -- resuming normal operations
[Wed Sep 09 20:39:06.252879 2020] [mpm_winnt:notice] [pid 3476:tid 540] AH00456: Apache Lounge VC15 Server built: Aug  4 2020 11:50:23
[Wed Sep 09 20:39:06.252879 2020] [core:notice] [pid 3476:tid 540] AH00094: Command line: 'c:\\xampp\\apache\\bin\\httpd.exe -d C:/xampp/apache'
[Wed Sep 09 20:39:06.268501 2020] [mpm_winnt:notice] [pid 3476:tid 540] AH00418: Parent: Created child process 12508
[Wed Sep 09 20:39:06.924721 2020] [ssl:warn] [pid 12508:tid 560] AH01909: www.example.com:443:0 server certificate does NOT include an ID which matches the server name
[Wed Sep 09 20:39:07.096590 2020] [ssl:warn] [pid 12508:tid 560] AH01909: www.example.com:443:0 server certificate does NOT include an ID which matches the server name
[Wed Sep 09 20:39:07.127842 2020] [mpm_winnt:notice] [pid 12508:tid 560] AH00354: Child: Starting 150 worker threads.
[Thu Sep 10 12:32:21.681079 2020] [ssl:warn] [pid 11340:tid 544] AH01909: www.example.com:443:0 server certificate does NOT include an ID which matches the server name
[Thu Sep 10 12:32:21.776383 2020] [core:warn] [pid 11340:tid 544] AH00098: pid file C:/xampp/apache/logs/httpd.pid overwritten -- Unclean shutdown of previous Apache run?
[Thu Sep 10 12:32:21.786377 2020] [ssl:warn] [pid 11340:tid 544] AH01909: www.example.com:443:0 server certificate does NOT include an ID which matches the server name
[Thu Sep 10 12:32:21.830328 2020] [mpm_winnt:notice] [pid 11340:tid 544] AH00455: Apache/2.4.46 (Win64) OpenSSL/1.1.1g PHP/7.2.33 configured -- resuming normal operations
[Thu Sep 10 12:32:21.830328 2020] [mpm_winnt:notice] [pid 11340:tid 544] AH00456: Apache Lounge VC15 Server built: Aug  4 2020 11:50:23
[Thu Sep 10 12:32:21.830328 2020] [core:notice] [pid 11340:tid 544] AH00094: Command line: 'c:\\xampp\\apache\\bin\\httpd.exe -d C:/xampp/apache'
[Thu Sep 10 12:32:21.834327 2020] [mpm_winnt:notice] [pid 11340:tid 544] AH00418: Parent: Created child process 4068
[Thu Sep 10 12:32:22.501200 2020] [ssl:warn] [pid 4068:tid 552] AH01909: www.example.com:443:0 server certificate does NOT include an ID which matches the server name
[Thu Sep 10 12:32:22.591262 2020] [ssl:warn] [pid 4068:tid 552] AH01909: www.example.com:443:0 server certificate does NOT include an ID which matches the server name
[Thu Sep 10 12:32:22.648232 2020] [mpm_winnt:notice] [pid 4068:tid 552] AH00354: Child: Starting 150 worker threads.
[Fri Sep 11 20:25:04.627071 2020] [ssl:warn] [pid 9468:tid 460] AH01909: www.example.com:443:0 server certificate does NOT include an ID which matches the server name
[Fri Sep 11 20:25:05.392633 2020] [core:warn] [pid 9468:tid 460] AH00098: pid file C:/xampp/apache/logs/httpd.pid overwritten -- Unclean shutdown of previous Apache run?
[Fri Sep 11 20:25:05.426615 2020] [ssl:warn] [pid 9468:tid 460] AH01909: www.example.com:443:0 server certificate does NOT include an ID which matches the server name
[Fri Sep 11 20:25:16.202362 2020] [mpm_winnt:notice] [pid 9468:tid 460] AH00455: Apache/2.4.46 (Win64) OpenSSL/1.1.1g PHP/7.2.33 configured -- resuming normal operations
[Fri Sep 11 20:25:16.202362 2020] [mpm_winnt:notice] [pid 9468:tid 460] AH00456: Apache Lounge VC15 Server built: Aug  4 2020 11:50:23
[Fri Sep 11 20:25:16.202362 2020] [core:notice] [pid 9468:tid 460] AH00094: Command line: 'c:\\xampp\\apache\\bin\\httpd.exe -d C:/xampp/apache'
[Fri Sep 11 20:25:16.213364 2020] [mpm_winnt:notice] [pid 9468:tid 460] AH00418: Parent: Created child process 9524
[Fri Sep 11 20:25:17.107841 2020] [ssl:warn] [pid 9524:tid 588] AH01909: www.example.com:443:0 server certificate does NOT include an ID which matches the server name
[Fri Sep 11 20:25:17.465579 2020] [ssl:warn] [pid 9524:tid 588] AH01909: www.example.com:443:0 server certificate does NOT include an ID which matches the server name
[Fri Sep 11 20:25:17.515552 2020] [mpm_winnt:notice] [pid 9524:tid 588] AH00354: Child: Starting 150 worker threads.
[Fri Sep 11 20:47:16.457388 2020] [ssl:warn] [pid 13664:tid 472] AH01909: www.example.com:443:0 server certificate does NOT include an ID which matches the server name
[Fri Sep 11 20:47:16.677457 2020] [core:warn] [pid 13664:tid 472] AH00098: pid file C:/xampp/apache/logs/httpd.pid overwritten -- Unclean shutdown of previous Apache run?
[Fri Sep 11 20:47:16.684432 2020] [ssl:warn] [pid 13664:tid 472] AH01909: www.example.com:443:0 server certificate does NOT include an ID which matches the server name
[Fri Sep 11 20:47:18.305099 2020] [mpm_winnt:notice] [pid 13664:tid 472] AH00455: Apache/2.4.46 (Win64) OpenSSL/1.1.1g PHP/7.2.33 configured -- resuming normal operations
[Fri Sep 11 20:47:18.306099 2020] [mpm_winnt:notice] [pid 13664:tid 472] AH00456: Apache Lounge VC15 Server built: Aug  4 2020 11:50:23
[Fri Sep 11 20:47:18.306099 2020] [core:notice] [pid 13664:tid 472] AH00094: Command line: 'c:\\xampp\\apache\\bin\\httpd.exe -d C:/xampp/apache'
[Fri Sep 11 20:47:18.311095 2020] [mpm_winnt:notice] [pid 13664:tid 472] AH00418: Parent: Created child process 15112
[Fri Sep 11 20:47:19.388444 2020] [ssl:warn] [pid 15112:tid 600] AH01909: www.example.com:443:0 server certificate does NOT include an ID which matches the server name
[Fri Sep 11 20:47:19.865531 2020] [ssl:warn] [pid 15112:tid 600] AH01909: www.example.com:443:0 server certificate does NOT include an ID which matches the server name
[Fri Sep 11 20:47:19.906859 2020] [mpm_winnt:notice] [pid 15112:tid 600] AH00354: Child: Starting 150 worker threads.
[Sat Sep 12 09:43:50.384754 2020] [ssl:warn] [pid 6156:tid 544] AH01909: www.example.com:443:0 server certificate does NOT include an ID which matches the server name
[Sat Sep 12 09:43:50.677264 2020] [core:warn] [pid 6156:tid 544] AH00098: pid file C:/xampp/apache/logs/httpd.pid overwritten -- Unclean shutdown of previous Apache run?
[Sat Sep 12 09:43:50.692818 2020] [ssl:warn] [pid 6156:tid 544] AH01909: www.example.com:443:0 server certificate does NOT include an ID which matches the server name
[Sat Sep 12 09:43:52.599763 2020] [mpm_winnt:notice] [pid 6156:tid 544] AH00455: Apache/2.4.46 (Win64) OpenSSL/1.1.1g PHP/7.2.33 configured -- resuming normal operations
[Sat Sep 12 09:43:52.599763 2020] [mpm_winnt:notice] [pid 6156:tid 544] AH00456: Apache Lounge VC15 Server built: Aug  4 2020 11:50:23
[Sat Sep 12 09:43:52.599763 2020] [core:notice] [pid 6156:tid 544] AH00094: Command line: 'c:\\xampp\\apache\\bin\\httpd.exe -d C:/xampp/apache'
[Sat Sep 12 09:43:52.693581 2020] [mpm_winnt:notice] [pid 6156:tid 544] AH00418: Parent: Created child process 10912
[Sat Sep 12 09:43:53.556577 2020] [ssl:warn] [pid 10912:tid 540] AH01909: www.example.com:443:0 server certificate does NOT include an ID which matches the server name
[Sat Sep 12 09:43:53.703235 2020] [ssl:warn] [pid 10912:tid 540] AH01909: www.example.com:443:0 server certificate does NOT include an ID which matches the server name
[Sat Sep 12 09:43:53.747885 2020] [mpm_winnt:notice] [pid 10912:tid 540] AH00354: Child: Starting 150 worker threads.
[Sat Sep 12 17:47:36.822627 2020] [ssl:warn] [pid 8732:tid 492] AH01909: www.example.com:443:0 server certificate does NOT include an ID which matches the server name
[Sat Sep 12 17:47:37.852579 2020] [core:warn] [pid 8732:tid 492] AH00098: pid file C:/xampp/apache/logs/httpd.pid overwritten -- Unclean shutdown of previous Apache run?
[Sat Sep 12 17:47:37.860576 2020] [ssl:warn] [pid 8732:tid 492] AH01909: www.example.com:443:0 server certificate does NOT include an ID which matches the server name
[Sat Sep 12 17:47:42.216836 2020] [mpm_winnt:notice] [pid 8732:tid 492] AH00455: Apache/2.4.46 (Win64) OpenSSL/1.1.1g PHP/7.2.33 configured -- resuming normal operations
[Sat Sep 12 17:47:42.216836 2020] [mpm_winnt:notice] [pid 8732:tid 492] AH00456: Apache Lounge VC15 Server built: Aug  4 2020 11:50:23
[Sat Sep 12 17:47:42.216836 2020] [core:notice] [pid 8732:tid 492] AH00094: Command line: 'c:\\xampp\\apache\\bin\\httpd.exe -d C:/xampp/apache'
[Sat Sep 12 17:47:42.219811 2020] [mpm_winnt:notice] [pid 8732:tid 492] AH00418: Parent: Created child process 3756
[Sat Sep 12 17:47:42.979842 2020] [ssl:warn] [pid 3756:tid 572] AH01909: www.example.com:443:0 server certificate does NOT include an ID which matches the server name
[Sat Sep 12 17:47:43.170774 2020] [ssl:warn] [pid 3756:tid 572] AH01909: www.example.com:443:0 server certificate does NOT include an ID which matches the server name
[Sat Sep 12 17:47:43.217750 2020] [mpm_winnt:notice] [pid 3756:tid 572] AH00354: Child: Starting 150 worker threads.
[Sun Sep 13 11:35:39.550278 2020] [ssl:warn] [pid 6312:tid 600] AH01909: www.example.com:443:0 server certificate does NOT include an ID which matches the server name
[Sun Sep 13 11:35:40.392763 2020] [core:warn] [pid 6312:tid 600] AH00098: pid file C:/xampp/apache/logs/httpd.pid overwritten -- Unclean shutdown of previous Apache run?
[Sun Sep 13 11:35:40.417749 2020] [ssl:warn] [pid 6312:tid 600] AH01909: www.example.com:443:0 server certificate does NOT include an ID which matches the server name
[Sun Sep 13 11:35:45.354877 2020] [mpm_winnt:notice] [pid 6312:tid 600] AH00455: Apache/2.4.46 (Win64) OpenSSL/1.1.1g PHP/7.2.33 configured -- resuming normal operations
[Sun Sep 13 11:35:45.354877 2020] [mpm_winnt:notice] [pid 6312:tid 600] AH00456: Apache Lounge VC15 Server built: Aug  4 2020 11:50:23
[Sun Sep 13 11:35:45.354877 2020] [core:notice] [pid 6312:tid 600] AH00094: Command line: 'c:\\xampp\\apache\\bin\\httpd.exe -d C:/xampp/apache'
[Sun Sep 13 11:35:45.360873 2020] [mpm_winnt:notice] [pid 6312:tid 600] AH00418: Parent: Created child process 10212
[Sun Sep 13 11:35:47.313539 2020] [ssl:warn] [pid 10212:tid 544] AH01909: www.example.com:443:0 server certificate does NOT include an ID which matches the server name
[Sun Sep 13 11:35:48.079110 2020] [ssl:warn] [pid 10212:tid 544] AH01909: www.example.com:443:0 server certificate does NOT include an ID which matches the server name
[Sun Sep 13 11:35:48.125936 2020] [mpm_winnt:notice] [pid 10212:tid 544] AH00354: Child: Starting 150 worker threads.
[Mon Sep 14 17:30:42.644806 2020] [ssl:warn] [pid 1296:tid 544] AH01909: www.example.com:443:0 server certificate does NOT include an ID which matches the server name
[Mon Sep 14 17:30:43.113610 2020] [core:warn] [pid 1296:tid 544] AH00098: pid file C:/xampp/apache/logs/httpd.pid overwritten -- Unclean shutdown of previous Apache run?
[Mon Sep 14 17:30:43.129183 2020] [ssl:warn] [pid 1296:tid 544] AH01909: www.example.com:443:0 server certificate does NOT include an ID which matches the server name
[Mon Sep 14 17:30:45.878953 2020] [mpm_winnt:notice] [pid 1296:tid 544] AH00455: Apache/2.4.46 (Win64) OpenSSL/1.1.1g PHP/7.2.33 configured -- resuming normal operations
[Mon Sep 14 17:30:45.878953 2020] [mpm_winnt:notice] [pid 1296:tid 544] AH00456: Apache Lounge VC15 Server built: Aug  4 2020 11:50:23
[Mon Sep 14 17:30:45.878953 2020] [core:notice] [pid 1296:tid 544] AH00094: Command line: 'c:\\xampp\\apache\\bin\\httpd.exe -d C:/xampp/apache'
[Mon Sep 14 17:30:45.878953 2020] [mpm_winnt:notice] [pid 1296:tid 544] AH00418: Parent: Created child process 9144
[Mon Sep 14 17:30:46.472665 2020] [ssl:warn] [pid 9144:tid 572] AH01909: www.example.com:443:0 server certificate does NOT include an ID which matches the server name
[Mon Sep 14 17:30:46.660146 2020] [ssl:warn] [pid 9144:tid 572] AH01909: www.example.com:443:0 server certificate does NOT include an ID which matches the server name
[Mon Sep 14 17:30:46.722640 2020] [mpm_winnt:notice] [pid 9144:tid 572] AH00354: Child: Starting 150 worker threads.
[Tue Sep 15 19:31:56.220575 2020] [ssl:warn] [pid 8752:tid 164] AH01909: www.example.com:443:0 server certificate does NOT include an ID which matches the server name
[Tue Sep 15 19:31:56.454931 2020] [core:warn] [pid 8752:tid 164] AH00098: pid file C:/xampp/apache/logs/httpd.pid overwritten -- Unclean shutdown of previous Apache run?
[Tue Sep 15 19:31:56.470553 2020] [ssl:warn] [pid 8752:tid 164] AH01909: www.example.com:443:0 server certificate does NOT include an ID which matches the server name
[Tue Sep 15 19:31:58.320494 2020] [mpm_winnt:notice] [pid 8752:tid 164] AH00455: Apache/2.4.46 (Win64) OpenSSL/1.1.1g PHP/7.2.33 configured -- resuming normal operations
[Tue Sep 15 19:31:58.320494 2020] [mpm_winnt:notice] [pid 8752:tid 164] AH00456: Apache Lounge VC15 Server built: Aug  4 2020 11:50:23
[Tue Sep 15 19:31:58.320494 2020] [core:notice] [pid 8752:tid 164] AH00094: Command line: 'c:\\xampp\\apache\\bin\\httpd.exe -d C:/xampp/apache'
[Tue Sep 15 19:31:58.320494 2020] [mpm_winnt:notice] [pid 8752:tid 164] AH00418: Parent: Created child process 15636
[Tue Sep 15 19:31:59.289176 2020] [ssl:warn] [pid 15636:tid 552] AH01909: www.example.com:443:0 server certificate does NOT include an ID which matches the server name
[Tue Sep 15 19:31:59.461040 2020] [ssl:warn] [pid 15636:tid 552] AH01909: www.example.com:443:0 server certificate does NOT include an ID which matches the server name
[Tue Sep 15 19:31:59.507911 2020] [mpm_winnt:notice] [pid 15636:tid 552] AH00354: Child: Starting 150 worker threads.
[Tue Sep 15 20:31:38.740262 2020] [ssl:warn] [pid 12756:tid 576] AH01909: www.example.com:443:0 server certificate does NOT include an ID which matches the server name
[Tue Sep 15 20:31:39.005910 2020] [core:warn] [pid 12756:tid 576] AH00098: pid file C:/xampp/apache/logs/httpd.pid overwritten -- Unclean shutdown of previous Apache run?
[Tue Sep 15 20:31:39.021462 2020] [ssl:warn] [pid 12756:tid 576] AH01909: www.example.com:443:0 server certificate does NOT include an ID which matches the server name
[Tue Sep 15 20:31:40.740095 2020] [mpm_winnt:notice] [pid 12756:tid 576] AH00455: Apache/2.4.46 (Win64) OpenSSL/1.1.1g PHP/7.2.33 configured -- resuming normal operations
[Tue Sep 15 20:31:40.740095 2020] [mpm_winnt:notice] [pid 12756:tid 576] AH00456: Apache Lounge VC15 Server built: Aug  4 2020 11:50:23
[Tue Sep 15 20:31:40.740095 2020] [core:notice] [pid 12756:tid 576] AH00094: Command line: 'c:\\xampp\\apache\\bin\\httpd.exe -d C:/xampp/apache'
[Tue Sep 15 20:31:40.740095 2020] [mpm_winnt:notice] [pid 12756:tid 576] AH00418: Parent: Created child process 15124
[Tue Sep 15 20:31:41.599408 2020] [ssl:warn] [pid 15124:tid 152] AH01909: www.example.com:443:0 server certificate does NOT include an ID which matches the server name
[Tue Sep 15 20:31:41.755647 2020] [ssl:warn] [pid 15124:tid 152] AH01909: www.example.com:443:0 server certificate does NOT include an ID which matches the server name
[Tue Sep 15 20:31:41.833766 2020] [mpm_winnt:notice] [pid 15124:tid 152] AH00354: Child: Starting 150 worker threads.
[Wed Sep 16 12:37:30.859022 2020] [ssl:warn] [pid 4272:tid 556] AH01909: www.example.com:443:0 server certificate does NOT include an ID which matches the server name
[Wed Sep 16 12:37:31.055804 2020] [core:warn] [pid 4272:tid 556] AH00098: pid file C:/xampp/apache/logs/httpd.pid overwritten -- Unclean shutdown of previous Apache run?
[Wed Sep 16 12:37:31.064799 2020] [ssl:warn] [pid 4272:tid 556] AH01909: www.example.com:443:0 server certificate does NOT include an ID which matches the server name
[Wed Sep 16 12:37:32.100941 2020] [mpm_winnt:notice] [pid 4272:tid 556] AH00455: Apache/2.4.46 (Win64) OpenSSL/1.1.1g PHP/7.2.33 configured -- resuming normal operations
[Wed Sep 16 12:37:32.100941 2020] [mpm_winnt:notice] [pid 4272:tid 556] AH00456: Apache Lounge VC15 Server built: Aug  4 2020 11:50:23
[Wed Sep 16 12:37:32.100941 2020] [core:notice] [pid 4272:tid 556] AH00094: Command line: 'c:\\xampp\\apache\\bin\\httpd.exe -d C:/xampp/apache'
[Wed Sep 16 12:37:32.103961 2020] [mpm_winnt:notice] [pid 4272:tid 556] AH00418: Parent: Created child process 11944
[Wed Sep 16 12:37:32.783702 2020] [ssl:warn] [pid 11944:tid 556] AH01909: www.example.com:443:0 server certificate does NOT include an ID which matches the server name
[Wed Sep 16 12:37:32.937842 2020] [ssl:warn] [pid 11944:tid 556] AH01909: www.example.com:443:0 server certificate does NOT include an ID which matches the server name
[Wed Sep 16 12:37:32.971822 2020] [mpm_winnt:notice] [pid 11944:tid 556] AH00354: Child: Starting 150 worker threads.
[Thu Sep 17 09:24:35.509114 2020] [ssl:warn] [pid 6948:tid 512] AH01909: www.example.com:443:0 server certificate does NOT include an ID which matches the server name
[Thu Sep 17 09:24:35.720829 2020] [core:warn] [pid 6948:tid 512] AH00098: pid file C:/xampp/apache/logs/httpd.pid overwritten -- Unclean shutdown of previous Apache run?
[Thu Sep 17 09:24:35.752819 2020] [ssl:warn] [pid 6948:tid 512] AH01909: www.example.com:443:0 server certificate does NOT include an ID which matches the server name
[Thu Sep 17 09:24:37.485088 2020] [mpm_winnt:notice] [pid 6948:tid 512] AH00455: Apache/2.4.46 (Win64) OpenSSL/1.1.1g PHP/7.2.33 configured -- resuming normal operations
[Thu Sep 17 09:24:37.485088 2020] [mpm_winnt:notice] [pid 6948:tid 512] AH00456: Apache Lounge VC15 Server built: Aug  4 2020 11:50:23
[Thu Sep 17 09:24:37.485088 2020] [core:notice] [pid 6948:tid 512] AH00094: Command line: 'c:\\xampp\\apache\\bin\\httpd.exe -d C:/xampp/apache'
[Thu Sep 17 09:24:37.493086 2020] [mpm_winnt:notice] [pid 6948:tid 512] AH00418: Parent: Created child process 7684
[Thu Sep 17 09:24:38.197353 2020] [ssl:warn] [pid 7684:tid 584] AH01909: www.example.com:443:0 server certificate does NOT include an ID which matches the server name
[Thu Sep 17 09:24:38.470179 2020] [ssl:warn] [pid 7684:tid 584] AH01909: www.example.com:443:0 server certificate does NOT include an ID which matches the server name
[Thu Sep 17 09:24:38.606158 2020] [mpm_winnt:notice] [pid 7684:tid 584] AH00354: Child: Starting 150 worker threads.
[Thu Sep 17 09:59:57.491882 2020] [php7:error] [pid 7684:tid 1816] [client ::1:58102] PHP Fatal error:  Maximum execution time of 300 seconds exceeded in C:\\xampp\\phpMyAdmin\\libraries\\classes\\Dbi\\DbiMysqli.php on line 199
[Fri Sep 18 09:38:01.606901 2020] [ssl:warn] [pid 12744:tid 544] AH01909: www.example.com:443:0 server certificate does NOT include an ID which matches the server name
[Fri Sep 18 09:38:01.795003 2020] [core:warn] [pid 12744:tid 544] AH00098: pid file C:/xampp/apache/logs/httpd.pid overwritten -- Unclean shutdown of previous Apache run?
[Fri Sep 18 09:38:01.801998 2020] [ssl:warn] [pid 12744:tid 544] AH01909: www.example.com:443:0 server certificate does NOT include an ID which matches the server name
[Fri Sep 18 09:38:02.513547 2020] [mpm_winnt:notice] [pid 12744:tid 544] AH00455: Apache/2.4.46 (Win64) OpenSSL/1.1.1g PHP/7.2.33 configured -- resuming normal operations
[Fri Sep 18 09:38:02.514535 2020] [mpm_winnt:notice] [pid 12744:tid 544] AH00456: Apache Lounge VC15 Server built: Aug  4 2020 11:50:23
[Fri Sep 18 09:38:02.514535 2020] [core:notice] [pid 12744:tid 544] AH00094: Command line: 'c:\\xampp\\apache\\bin\\httpd.exe -d C:/xampp/apache'
[Fri Sep 18 09:38:02.517532 2020] [mpm_winnt:notice] [pid 12744:tid 544] AH00418: Parent: Created child process 12972
[Fri Sep 18 09:38:03.421134 2020] [ssl:warn] [pid 12972:tid 564] AH01909: www.example.com:443:0 server certificate does NOT include an ID which matches the server name
[Fri Sep 18 09:38:03.545273 2020] [ssl:warn] [pid 12972:tid 564] AH01909: www.example.com:443:0 server certificate does NOT include an ID which matches the server name
[Fri Sep 18 09:38:03.605239 2020] [mpm_winnt:notice] [pid 12972:tid 564] AH00354: Child: Starting 150 worker threads.
[Sat Sep 19 08:19:47.008259 2020] [ssl:warn] [pid 9192:tid 560] AH01909: www.example.com:443:0 server certificate does NOT include an ID which matches the server name
[Sat Sep 19 08:19:47.268637 2020] [core:warn] [pid 9192:tid 560] AH00098: pid file C:/xampp/apache/logs/httpd.pid overwritten -- Unclean shutdown of previous Apache run?
[Sat Sep 19 08:19:47.288383 2020] [ssl:warn] [pid 9192:tid 560] AH01909: www.example.com:443:0 server certificate does NOT include an ID which matches the server name
[Sat Sep 19 08:19:48.933488 2020] [mpm_winnt:notice] [pid 9192:tid 560] AH00455: Apache/2.4.46 (Win64) OpenSSL/1.1.1g PHP/7.2.33 configured -- resuming normal operations
[Sat Sep 19 08:19:48.933488 2020] [mpm_winnt:notice] [pid 9192:tid 560] AH00456: Apache Lounge VC15 Server built: Aug  4 2020 11:50:23
[Sat Sep 19 08:19:48.933488 2020] [core:notice] [pid 9192:tid 560] AH00094: Command line: 'c:\\xampp\\apache\\bin\\httpd.exe -d C:/xampp/apache'
[Sat Sep 19 08:19:48.943061 2020] [mpm_winnt:notice] [pid 9192:tid 560] AH00418: Parent: Created child process 10548
[Sat Sep 19 08:19:49.698203 2020] [ssl:warn] [pid 10548:tid 552] AH01909: www.example.com:443:0 server certificate does NOT include an ID which matches the server name
[Sat Sep 19 08:19:49.868281 2020] [ssl:warn] [pid 10548:tid 552] AH01909: www.example.com:443:0 server certificate does NOT include an ID which matches the server name
[Sat Sep 19 08:19:49.968245 2020] [mpm_winnt:notice] [pid 10548:tid 552] AH00354: Child: Starting 150 worker threads.
[Sun Sep 20 18:16:54.494340 2020] [ssl:warn] [pid 8272:tid 544] AH01909: www.example.com:443:0 server certificate does NOT include an ID which matches the server name
[Sun Sep 20 18:16:54.874300 2020] [core:warn] [pid 8272:tid 544] AH00098: pid file C:/xampp/apache/logs/httpd.pid overwritten -- Unclean shutdown of previous Apache run?
[Sun Sep 20 18:16:54.905547 2020] [ssl:warn] [pid 8272:tid 544] AH01909: www.example.com:443:0 server certificate does NOT include an ID which matches the server name
[Sun Sep 20 18:17:02.436125 2020] [mpm_winnt:notice] [pid 8272:tid 544] AH00455: Apache/2.4.46 (Win64) OpenSSL/1.1.1g PHP/7.2.33 configured -- resuming normal operations
[Sun Sep 20 18:17:02.436125 2020] [mpm_winnt:notice] [pid 8272:tid 544] AH00456: Apache Lounge VC15 Server built: Aug  4 2020 11:50:23
[Sun Sep 20 18:17:02.436125 2020] [core:notice] [pid 8272:tid 544] AH00094: Command line: 'c:\\xampp\\apache\\bin\\httpd.exe -d C:/xampp/apache'
[Sun Sep 20 18:17:02.448123 2020] [mpm_winnt:notice] [pid 8272:tid 544] AH00418: Parent: Created child process 2832
[Sun Sep 20 18:17:03.187607 2020] [ssl:warn] [pid 2832:tid 548] AH01909: www.example.com:443:0 server certificate does NOT include an ID which matches the server name
[Sun Sep 20 18:17:03.412541 2020] [ssl:warn] [pid 2832:tid 548] AH01909: www.example.com:443:0 server certificate does NOT include an ID which matches the server name
[Sun Sep 20 18:17:03.484491 2020] [mpm_winnt:notice] [pid 2832:tid 548] AH00354: Child: Starting 150 worker threads.
[Tue Sep 22 20:54:12.650690 2020] [ssl:warn] [pid 5664:tid 500] AH01909: www.example.com:443:0 server certificate does NOT include an ID which matches the server name
[Tue Sep 22 20:54:12.784182 2020] [core:warn] [pid 5664:tid 500] AH00098: pid file C:/xampp/apache/logs/httpd.pid overwritten -- Unclean shutdown of previous Apache run?
[Tue Sep 22 20:54:12.793175 2020] [ssl:warn] [pid 5664:tid 500] AH01909: www.example.com:443:0 server certificate does NOT include an ID which matches the server name
[Tue Sep 22 20:54:13.803850 2020] [mpm_winnt:notice] [pid 5664:tid 500] AH00455: Apache/2.4.46 (Win64) OpenSSL/1.1.1g PHP/7.2.33 configured -- resuming normal operations
[Tue Sep 22 20:54:13.803850 2020] [mpm_winnt:notice] [pid 5664:tid 500] AH00456: Apache Lounge VC15 Server built: Aug  4 2020 11:50:23
[Tue Sep 22 20:54:13.803850 2020] [core:notice] [pid 5664:tid 500] AH00094: Command line: 'c:\\xampp\\apache\\bin\\httpd.exe -d C:/xampp/apache'
[Tue Sep 22 20:54:13.806848 2020] [mpm_winnt:notice] [pid 5664:tid 500] AH00418: Parent: Created child process 8484
[Tue Sep 22 20:54:14.598240 2020] [ssl:warn] [pid 8484:tid 512] AH01909: www.example.com:443:0 server certificate does NOT include an ID which matches the server name
[Tue Sep 22 20:54:14.698805 2020] [ssl:warn] [pid 8484:tid 512] AH01909: www.example.com:443:0 server certificate does NOT include an ID which matches the server name
[Tue Sep 22 20:54:14.743775 2020] [mpm_winnt:notice] [pid 8484:tid 512] AH00354: Child: Starting 150 worker threads.
[Wed Sep 23 18:32:39.837958 2020] [ssl:warn] [pid 12028:tid 544] AH01909: www.example.com:443:0 server certificate does NOT include an ID which matches the server name
[Wed Sep 23 18:32:40.202804 2020] [core:warn] [pid 12028:tid 544] AH00098: pid file C:/xampp/apache/logs/httpd.pid overwritten -- Unclean shutdown of previous Apache run?
[Wed Sep 23 18:32:40.213800 2020] [ssl:warn] [pid 12028:tid 544] AH01909: www.example.com:443:0 server certificate does NOT include an ID which matches the server name
[Wed Sep 23 18:32:43.286335 2020] [mpm_winnt:notice] [pid 12028:tid 544] AH00455: Apache/2.4.46 (Win64) OpenSSL/1.1.1g PHP/7.2.33 configured -- resuming normal operations
[Wed Sep 23 18:32:43.286335 2020] [mpm_winnt:notice] [pid 12028:tid 544] AH00456: Apache Lounge VC15 Server built: Aug  4 2020 11:50:23
[Wed Sep 23 18:32:43.286335 2020] [core:notice] [pid 12028:tid 544] AH00094: Command line: 'c:\\xampp\\apache\\bin\\httpd.exe -d C:/xampp/apache'
[Wed Sep 23 18:32:43.291333 2020] [mpm_winnt:notice] [pid 12028:tid 544] AH00418: Parent: Created child process 9852
[Wed Sep 23 18:32:44.169829 2020] [ssl:warn] [pid 9852:tid 624] AH01909: www.example.com:443:0 server certificate does NOT include an ID which matches the server name
[Wed Sep 23 18:32:44.406295 2020] [ssl:warn] [pid 9852:tid 624] AH01909: www.example.com:443:0 server certificate does NOT include an ID which matches the server name
[Wed Sep 23 18:32:44.471256 2020] [mpm_winnt:notice] [pid 9852:tid 624] AH00354: Child: Starting 150 worker threads.
